[2025-05-23 21:20:35] https://nestlepro.it/ è Offline
[2025-05-23 21:20:35] https://eventimop.promomediaweb.it/test/common/login.php è Offline
[2025-05-23 21:20:35] https://field.promomedia.dev/common/login.php è Offline
[2025-05-23 21:20:35] https://www.promomediamop.com/mop/ è Offline
[2025-05-23 21:20:35] https://kraftheinz.promomedia.online/backend/ è Offline
[2025-05-23 21:20:35] https://italycashpuglia.promomedia.dev/ è Offline
[2025-05-23 21:21:36] https://eventimop.promomediaweb.it/test/common/login.php è Offline
[2025-05-23 21:21:36] https://field.promomedia.dev/common/login.php è Offline
[2025-05-23 21:21:36] https://nestlepro.it/ è Offline
[2025-05-23 21:21:36] https://www.promomediamop.com/mop/ è Offline
[2025-05-23 21:21:36] https://italycashpuglia.promomedia.dev/ è Offline
[2025-05-23 21:21:36] https://kraftheinz.promomedia.online/backend/ è Offline
[2025-05-23 21:21:55] https://eventimop.promomediaweb.it/test/common/login.php è Offline
[2025-05-23 21:21:55] https://kraftheinz.promomedia.online/backend/ è Offline
[2025-05-23 21:21:55] https://www.promomediamop.com/mop/ è Offline
[2025-05-23 21:21:55] https://field.promomedia.dev/common/login.php è Offline
[2025-05-23 21:21:55] https://nestlepro.it/ è Offline
[2025-05-23 21:21:55] https://italycashpuglia.promomedia.dev/ è Offline
[2025-05-23 21:22:55] https://www.promomediamop.com/mop/ è Offline
[2025-05-23 21:22:55] https://field.promomedia.dev/common/login.php è Offline
[2025-05-23 21:22:55] https://eventimop.promomediaweb.it/test/common/login.php è Offline
[2025-05-23 21:22:55] https://italycashpuglia.promomedia.dev/ è Offline
[2025-05-23 21:22:55] https://nestlepro.it/ è Offline
[2025-05-23 21:22:55] https://kraftheinz.promomedia.online/backend/ è Offline
[2025-05-23 21:25:06] https://eventimop.promomediaweb.it/test/common/login.php è Offline
[2025-05-23 21:25:06] https://kraftheinz.promomedia.online/backend/ è Offline
[2025-05-23 21:25:06] https://field.promomedia.dev/common/login.php è Offline
[2025-05-23 21:25:06] https://nestlepro.it/ è Offline
[2025-05-23 21:25:06] https://www.promomediamop.com/mop/ è Offline
[2025-05-23 21:25:06] https://italycashpuglia.promomedia.dev/ è Offline
[2025-05-23 21:26:06] https://eventimop.promomediaweb.it/test/common/login.php è Offline
[2025-05-23 21:26:06] https://www.promomediamop.com/mop/ è Offline
[2025-05-23 21:26:06] https://field.promomedia.dev/common/login.php è Offline
[2025-05-23 21:26:06] https://nestlepro.it/ è Offline
[2025-05-23 21:26:06] https://kraftheinz.promomedia.online/backend/ è Offline
[2025-05-23 21:26:06] https://italycashpuglia.promomedia.dev/ è Offline
